2025-04-07 16:17:12 [info]: GET api/ingredients/: {"name":"Carrot"}
2025-04-07 16:17:14 [info]: GET api/ingredients/: {"name":"Carro"}
2025-04-07 16:17:16 [info]: GET api/ingredients/: {"name":"Carr"}
2025-04-07 16:17:20 [info]: GET api/ingredients/: {"name":"Carro"}
2025-04-07 16:17:27 [info]: GET api/ingredients/: {"name":"Carr"}
2025-04-07 16:17:27 [info]: GET api/ingredients/: {"name":"Car"}
2025-04-07 16:17:27 [info]: GET api/ingredients/: {"name":"Ca"}
2025-04-07 16:17:27 [info]: GET api/ingredients/: {"name":"C"}
2025-04-07 16:17:36 [info]: GET api/ingredients/: {}
2025-04-07 16:17:45 [info]: GET api/ingredients/: {"name":"C"}
2025-04-07 16:17:47 [info]: GET api/ingredients/: {"name":"C"}
2025-04-07 16:17:53 [info]: GET api/ingredients/: {"name":"Carrot"}
2025-04-07 16:18:00 [info]: GET api/ingredients/: {"name":"C"}
2025-04-07 16:18:00 [info]: GET api/ingredients/: {"name":"Ca"}
2025-04-07 16:18:00 [info]: GET api/ingredients/: {"name":"Car"}
2025-04-07 16:18:00 [info]: GET api/ingredients/: {"name":"Carr"}
2025-04-07 16:18:00 [info]: GET api/ingredients/: {"name":"Carro"}
2025-04-07 16:18:01 [info]: GET api/ingredients/: {"name":"Carrot"}
2025-04-07 16:18:10 [info]: GET api/ingredients/: {"name":"Carrot"}
2025-04-07 16:18:10 [info]: GET api/ingredients/: {"name":"Carrot"}
2025-04-07 16:18:24 [info]: GET api/ingredients/: {"name":"Carro"}
2025-04-07 16:18:24 [info]: GET api/ingredients/: {"name":"Carrot"}
2025-04-07 16:20:23 [info]: GET api/ingredients/: {"name":"Carrot"}
2025-04-07 16:20:25 [info]: GET api/ingredients/: {"name":"Carrott"}
2025-04-07 16:20:26 [info]: GET api/ingredients/: {"name":"Carrot"}
2025-04-07 16:22:24 [info]: GET api/ingredients/: {"name":"Car"}
2025-04-07 16:23:02 [info]: GET api/ingredients/: {"name":"C"}
2025-04-07 16:26:29 [info]: GET api/ingredients/: {"name":"C"}
2025-04-07 16:26:46 [info]: GET api/ingredients/: {"name":"C"}
2025-04-07 16:28:04 [info]: GET api/ingredients/: {"name":"C"}
2025-04-07 19:37:56 [info]: GET api/ingredients/: {"name":"Ca"}
2025-04-07 19:37:58 [info]: GET api/ingredients/: {"name":"Carrot"}
2025-04-07 19:51:17 [info]: GET api/ingredients/: {"name":"ca"}
2025-04-07 19:51:17 [info]: GET api/ingredients/: {"name":"car"}
2025-04-07 19:56:44 [info]: GET api/ingredients/: {"name":"Carr"}
2025-04-07 20:00:01 [info]: GET api/ingredients/: {"name":"sd"}
2025-04-07 20:01:35 [info]: GET api/ingredients/: {"name":"Carrot"}
2025-04-07 20:01:38 [info]: GET api/ingredients/: {"name":"Appl"}
2025-04-07 20:01:41 [info]: GET api/ingredients/: {"name":"Carr"}
2025-04-07 20:01:41 [info]: GET api/ingredients/: {"name":"Carro"}
2025-04-07 20:01:43 [info]: GET api/ingredients/: {"name":"Carrot"}
2025-04-07 20:09:13 [info]: GET api/ingredients/: {"name":"ds"}
2025-04-07 20:09:15 [info]: GET api/ingredients/: {"name":"Car"}
2025-04-07 20:09:51 [info]: GET api/ingredients/: {"name":"C"}
2025-04-07 20:09:59 [info]: GET api/ingredients/: {"name":"c"}
2025-04-07 20:10:25 [info]: GET api/ingredients/: {"name":"c"}
2025-04-07 20:11:01 [info]: GET api/ingredients/: {"name":"c"}
2025-04-07 20:15:10 [info]: GET api/ingredients/: {"name":"c"}
2025-04-07 20:15:10 [info]: [object Object],[object Object]
2025-04-07 20:15:28 [info]: GET api/ingredients/: {"name":"C"}
2025-04-07 20:15:28 [info]: [object Object],[object Object]
2025-04-07 20:15:37 [info]: GET api/ingredients/: {"name":"C"}
2025-04-07 20:15:37 [info]: [object Object],[object Object]
2025-04-07 20:15:38 [info]: GET api/ingredients/: {"name":"Ca"}
2025-04-07 20:15:38 [info]: [object Object]
2025-04-07 20:15:39 [info]: GET api/ingredients/: {"name":"Carr"}
2025-04-07 20:15:39 [info]: [object Object]
2025-04-07 20:15:39 [info]: GET api/ingredients/: {"name":"Carrot"}
2025-04-07 20:15:39 [info]: [object Object]
2025-04-07 20:17:16 [info]: GET api/ingredients/: {"name":"Ca"}
2025-04-07 20:17:16 [info]: [object Object]
2025-04-07 20:26:14 [info]: GET api/ingredients/: {"name":"C"}
2025-04-07 20:26:14 [info]: [object Object],[object Object]
2025-04-07 20:26:48 [info]: GET api/ingredients/: {"name":"Ca"}
2025-04-07 20:26:48 [info]: [object Object]
2025-04-07 20:26:58 [info]: GET api/ingredients/: {"name":"C"}
2025-04-07 20:26:58 [info]: [object Object],[object Object]
2025-04-07 20:46:47 [info]: GET api/ingredients/: {"name":"C"}
2025-04-07 20:46:47 [info]: [object Object],[object Object]
2025-04-07 20:50:14 [info]: GET api/ingredients/: {"name":"C"}
2025-04-07 20:50:14 [info]: [object Object],[object Object]
2025-04-07 20:51:16 [info]: GET api/ingredients/: {"name":"C"}
2025-04-07 20:51:16 [info]: [object Object],[object Object]
2025-04-07 20:51:19 [info]: GET api/ingredients/: {"name":"C"}
2025-04-07 20:51:19 [info]: [object Object],[object Object]
2025-04-07 20:51:21 [info]: GET api/ingredients/: {"name":"Ca"}
2025-04-07 20:51:21 [info]: [object Object]
2025-04-07 20:52:10 [info]: GET api/ingredients/: {"name":"Ca"}
2025-04-07 20:52:10 [info]: [object Object]
2025-04-07 20:52:24 [info]: GET api/ingredients/: {"name":"C"}
2025-04-07 20:52:24 [info]: [object Object],[object Object]
2025-04-07 20:52:51 [info]: GET api/ingredients/: {"name":"Ca"}
2025-04-07 20:52:51 [info]: [object Object]
2025-04-07 20:52:53 [info]: GET api/ingredients/: {"name":"C"}
2025-04-07 20:52:53 [info]: [object Object],[object Object]
2025-04-07 20:53:00 [info]: GET api/ingredients/: {"name":"Carrot"}
2025-04-07 20:53:00 [info]: [object Object]
2025-04-07 20:53:05 [info]: GET api/ingredients/: {"name":"Chic"}
2025-04-07 20:53:05 [info]: [object Object]
2025-04-07 20:53:06 [info]: GET api/ingredients/: {"name":"Chicken Breast"}
2025-04-07 20:53:06 [info]: [object Object]
2025-04-07 20:54:53 [info]: GET api/ingredients/: {"name":"C"}
2025-04-07 20:54:53 [info]: [object Object],[object Object]
2025-04-07 20:54:54 [info]: GET api/ingredients/: {"name":"Carrot"}
2025-04-07 20:54:54 [info]: [object Object]
2025-04-07 21:00:37 [info]: GET api/ingredients/: {"name":"C"}
2025-04-07 21:00:37 [info]: [object Object],[object Object],[object Object],[object Object],[object Object],[object Object],[object Object],[object Object],[object Object],[object Object]
2025-04-07 21:01:44 [info]: GET api/ingredients/: {"name":"C"}
2025-04-07 21:01:44 [info]: [object Object],[object Object],[object Object],[object Object],[object Object],[object Object],[object Object],[object Object],[object Object],[object Object]
2025-04-07 21:01:58 [info]: GET api/ingredients/: {"name":"Broccoli"}
2025-04-07 21:01:58 [info]: [object Object]
2025-04-07 21:03:15 [info]: GET api/ingredients/: {"name":"C"}
2025-04-07 21:03:15 [info]: [object Object],[object Object],[object Object],[object Object],[object Object],[object Object],[object Object],[object Object],[object Object],[object Object]
2025-04-07 21:06:25 [info]: GET api/ingredients/: {"name":"C"}
2025-04-07 21:06:25 [info]: [object Object],[object Object],[object Object],[object Object],[object Object],[object Object],[object Object],[object Object],[object Object],[object Object]
2025-04-07 21:13:53 [info]: GET api/ingredients/: {"name":"Chicken Breast"}
2025-04-07 21:13:53 [info]: [object Object]
2025-04-07 21:22:02 [info]: GET api/ingredients/: {"name":"C"}
2025-04-07 21:22:02 [info]: [object Object],[object Object],[object Object],[object Object],[object Object],[object Object],[object Object],[object Object],[object Object],[object Object]
2025-04-07 21:22:05 [info]: GET api/ingredients/: {"name":"Coconut"}
2025-04-07 21:22:05 [info]: [object Object]
2025-04-13 15:33:46 [info]: Registering user
2025-04-13 15:35:45 [info]: Registering user
2025-04-13 15:35:45 [error]: Error registering user No metadata for "User" was found.
2025-04-13 15:38:11 [info]: Registering user
2025-04-13 15:38:11 [error]: Error registering user null value in column "email" of relation "user" violates not-null constraint
2025-04-13 15:41:43 [info]: Registering user
2025-04-13 15:48:59 [info]: [object Object]
2025-04-13 15:49:58 [info]: {
  "authorization": "eyJhbGciOiJIUzI1NiIsInR5cCI6IkpXVCJ9.eyJ1c2VySWQiOjIsImlhdCI6MTc0NDU1MTk0OCwiZXhwIjoxNzQ0NjM4MzQ4fQ.UpC__CTBmnBy6pupQUimXuqVx_WmjOUqjHYso66sZU4",
  "user-agent": "Apidog/1.0.0 (https://apidog.com)",
  "content-type": "application/json",
  "accept": "*/*",
  "host": "localhost:5000",
  "accept-encoding": "gzip, deflate, br",
  "connection": "keep-alive"
}
2025-04-13 15:51:09 [info]: {
  "authorization": "Bearer eyJhbGciOiJIUzI1NiIsInR5cCI6IkpXVCJ9.eyJ1c2VySWQiOjIsImlhdCI6MTc0NDU1MTk0OCwiZXhwIjoxNzQ0NjM4MzQ4fQ.UpC__CTBmnBy6pupQUimXuqVx_WmjOUqjHYso66sZU4",
  "user-agent": "Apidog/1.0.0 (https://apidog.com)",
  "content-type": "application/json",
  "accept": "*/*",
  "host": "localhost:5000",
  "accept-encoding": "gzip, deflate, br",
  "connection": "keep-alive"
}
2025-04-13 15:51:09 [info]: GET api/ingredients/: {}
2025-04-13 15:58:17 [info]: {
  "authorization": "Bearer eyJhbGciOiJIUzI1NiIsInR5cCI6IkpXVCJ9.eyJ1c2VySWQiOjIsImlhdCI6MTc0NDU1MTk0OCwiZXhwIjoxNzQ0NjM4MzQ4fQ.UpC__CTBmnBy6pupQUimXuqVx_WmjOUqjHYso66sZU4",
  "user-agent": "Apidog/1.0.0 (https://apidog.com)",
  "content-type": "application/json",
  "accept": "*/*",
  "host": "localhost:5000",
  "accept-encoding": "gzip, deflate, br",
  "connection": "keep-alive"
}
2025-04-13 15:58:17 [info]: GET api/ingredients/: {}
2025-04-13 15:58:17 [info]: [object Object],[object Object],[object Object],[object Object],[object Object],[object Object],[object Object],[object Object],[object Object],[object Object],[object Object],[object Object],[object Object],[object Object],[object Object],[object Object],[object Object],[object Object],[object Object],[object Object],[object Object],[object Object],[object Object],[object Object],[object Object],[object Object],[object Object],[object Object],[object Object]
2025-04-13 15:58:28 [info]: {
  "authorization": "Bearer eyJhbGciOiJIUzI1NiIsInR5cI6IkpXVCJ9.eyJ1c2VySWQiOjIsImlhdCI6MTc0NDU1MTk0OCwiZXhwIjoxNzQ0NjM4MzQ4fQ.UpC__CTBmnBy6pupQUimXuqVx_WmjOUqjHYso66sZU4",
  "user-agent": "Apidog/1.0.0 (https://apidog.com)",
  "content-type": "application/json",
  "accept": "*/*",
  "host": "localhost:5000",
  "accept-encoding": "gzip, deflate, br",
  "connection": "keep-alive"
}
